<?xml version="1.0" encoding="UTF-8"?>
<testsuite name="com.koligrum.test.UsersTest" tests="1" skipped="0" failures="0" errors="0" timestamp="2021-09-20T03:07:29" hostname="DESKTOP-OMLRQLN" time="4.275">
  <properties/>
  <testcase name="User" classname="com.koligrum.test.UsersTest" time="4.275"/>
  <system-out><![CDATA[==== Create User ====
Request method:	POST
Request URI:	http://localhost:1234/v1/users
Proxy:			<none>
Request params:	<none>
Query params:	<none>
Form params:	<none>
Path params:	<none>
Headers:		accept=application/json
				Content-Type=application/json; charset=UTF-8
Cookies:		<none>
Multiparts:		<none>
Body:
{
    "firstName": "Peni",
    "lastName": "Kurniawati",
    "age": 23,
    "occupation": "Quality Assurance",
    "nationality": "Indonesia",
    "hobbies": [
        "Cooking"
    ],
    "gender": "FEMALE"
}
{
    "id": "37c4de8c-e8b1-4159-ad6a-389285181261",
    "firstName": "Peni",
    "lastName": "Kurniawati",
    "age": 23,
    "occupation": "Quality Assurance",
    "nationality": "Indonesia",
    "hobbies": [
        "Cooking"
    ],
    "gender": "FEMALE",
    "createdDate": "2021-09-20T10:07:32.44",
    "updatedDate": null
}
===== Verify user successfully created by ID ====
Response API saat create user yaitu : 200
===== Verify user successfully created using json path ====
Request method:	GET
Request URI:	http://localhost:1234/v1/users/37c4de8c-e8b1-4159-ad6a-389285181261
Proxy:			<none>
Request params:	<none>
Query params:	<none>
Form params:	<none>
Path params:	id=37c4de8c-e8b1-4159-ad6a-389285181261
Headers:		accept=application/json
Cookies:		<none>
Multiparts:		<none>
Body:			<none>
{
    "id": "37c4de8c-e8b1-4159-ad6a-389285181261",
    "firstName": "Peni",
    "lastName": "Kurniawati",
    "age": 23,
    "occupation": "Quality Assurance",
    "nationality": "Indonesia",
    "hobbies": [
        "Cooking"
    ],
    "gender": "FEMALE",
    "createdDate": "2021-09-20T10:07:32.44",
    "updatedDate": null
}
==== Update User ====
Request method:	PUT
Request URI:	http://localhost:1234/v1/users
Proxy:			<none>
Request params:	<none>
Query params:	<none>
Form params:	<none>
Path params:	<none>
Headers:		accept=application/json
				Content-Type=application/json; charset=UTF-8
Cookies:		<none>
Multiparts:		<none>
Body:
{
    "id": "37c4de8c-e8b1-4159-ad6a-389285181261",
    "firstName": "Kurnia",
    "lastName": "Koligrum",
    "age": 22,
    "occupation": "Quality Assurance Engineer",
    "nationality": "Indonesia",
    "hobbies": [
        "Cooking"
    ],
    "gender": "FEMALE"
}
{
    "id": "37c4de8c-e8b1-4159-ad6a-389285181261",
    "firstName": "Kurnia",
    "lastName": "Koligrum",
    "age": 22,
    "occupation": "Quality Assurance Engineer",
    "nationality": "Indonesia",
    "hobbies": [
        "Cooking"
    ],
    "gender": "FEMALE",
    "createdDate": "2021-09-20T10:07:32.44",
    "updatedDate": "2021-09-20T10:07:33.802"
}
==== Verify user successfully update by id ====
Request method:	GET
Request URI:	http://localhost:1234/v1/users/37c4de8c-e8b1-4159-ad6a-389285181261
Proxy:			<none>
Request params:	<none>
Query params:	<none>
Form params:	<none>
Path params:	id=37c4de8c-e8b1-4159-ad6a-389285181261
Headers:		accept=application/json
Cookies:		<none>
Multiparts:		<none>
Body:			<none>
==== Verify user successfully update from JSON path ====
{
    "id": "37c4de8c-e8b1-4159-ad6a-389285181261",
    "firstName": "Kurnia",
    "lastName": "Koligrum",
    "age": 22,
    "occupation": "Quality Assurance Engineer",
    "nationality": "Indonesia",
    "hobbies": [
        "Cooking"
    ],
    "gender": "FEMALE",
    "createdDate": "2021-09-20T10:07:32.44",
    "updatedDate": "2021-09-20T10:07:33.802"
}
=== Delete User ====
Request method:	DELETE
Request URI:	http://localhost:1234/v1/users/37c4de8c-e8b1-4159-ad6a-389285181261
Proxy:			<none>
Request params:	<none>
Query params:	<none>
Form params:	<none>
Path params:	id=37c4de8c-e8b1-4159-ad6a-389285181261
Headers:		accept=*/*
Cookies:		<none>
Multiparts:		<none>
Body:			<none>
==== Verify user successfully deleted by id ====
Request method:	DELETE
Request URI:	http://localhost:1234/v1/users/37c4de8c-e8b1-4159-ad6a-389285181261
Proxy:			<none>
Request params:	<none>
Query params:	<none>
Form params:	<none>
Path params:	id=37c4de8c-e8b1-4159-ad6a-389285181261
Headers:		accept=application/json
Cookies:		<none>
Multiparts:		<none>
Body:			<none>
{
    "errorCode": "ER-01",
    "statusCode": 404,
    "message": "user not found",
    "timestamp": "2021-09-20T10:07:34.081"
}
=== Verify data after deleted ====
Message setelah didelete yaitu : user not found
Response API saat data sudah didelete yaitu :404
]]></system-out>
  <system-err><![CDATA[]]></system-err>
</testsuite>
